DB PATH IN USE: /home/ec2-user/shoonya_platform/shoonya_platform/persistence/data/orders.db
2026-02-08 18:17:06 | INFO     | EXECUTION_SERVICE    | ======================================================================
2026-02-08 18:17:06 | INFO     | EXECUTION_SERVICE    | 🚀 STARTING EXECUTION SERVICE (PRODUCTION — FREEZE-READY)
2026-02-08 18:17:06 | INFO     | EXECUTION_SERVICE    | ======================================================================
2026-02-08 18:17:06 | INFO     | EXECUTION_SERVICE    | PID: 2763541
2026-02-08 18:17:06 | INFO     | EXECUTION_SERVICE    | Python: 3.9.25 (main, Nov 12 2025, 00:00:00) 
[GCC 11.5.0 20240719 (Red Hat 11.5.0-5)]
2026-02-08 18:17:06 | INFO     | EXECUTION_SERVICE    | CWD: /home/ec2-user/shoonya_platform
2026-02-08 18:17:06 | INFO     | EXECUTION_SERVICE    | 📋 Log files (rotating, 50MB max, 10 backups):
2026-02-08 18:17:06 | INFO     | EXECUTION_SERVICE    |    - execution_service.log (main service)
2026-02-08 18:17:06 | INFO     | EXECUTION_SERVICE    |    - trading_bot.log (bot logic)
2026-02-08 18:17:06 | INFO     | EXECUTION_SERVICE    |    - command_service.log (command execution)
2026-02-08 18:17:06 | INFO     | EXECUTION_SERVICE    |    - order_watcher.log (order tracking)
2026-02-08 18:17:06 | INFO     | EXECUTION_SERVICE    |    - risk_manager.log (risk management)
2026-02-08 18:17:06 | INFO     | EXECUTION_SERVICE    |    - execution_guard.log (trade guard)
2026-02-08 18:17:06 | INFO     | EXECUTION_SERVICE    |    - dashboard.log (dashboard API)
2026-02-08 18:17:06 | INFO     | EXECUTION_SERVICE    | Loading configuration...
2026-02-08 18:17:06 | INFO     | shoonya_platform.core.config | Environment configuration loaded successfully
2026-02-08 18:17:06 | INFO     | shoonya_platform.core.config | ✅ Configuration validated successfully
2026-02-08 18:17:06 | INFO     | EXECUTION_SERVICE    | Initializing ShoonyaBot (SINGLE INSTANCE)
2026-02-08 18:17:06 | CRITICAL | TRADING_BOT          | 🔥 ShoonyaBot INIT STARTED
2026-02-08 18:17:06 | INFO     | shoonya_platform.brokers.shoonya.client | ✅ ShoonyaClient v3.3 initialized | auto_recovery=True | fail_hard=enabled
2026-02-08 18:17:06 | CRITICAL | TRADING_BOT          | 🔐 LOGIN ATTEMPT | service=signal_processor | reason=startup
2026-02-08 18:17:06 | INFO     | shoonya_platform.brokers.shoonya.client | 🔐 Shoonya login attempt 1/3
2026-02-08 18:17:06 | INFO     | shoonya_platform.brokers.shoonya.client | ✅ Shoonya login successful
2026-02-08 18:17:07 | CRITICAL | TRADING_BOT          | ✅ LOGIN SUCCESS | service=signal_processor | session_active=True
2026-02-08 18:17:07 | INFO     | shoonya_platform.market_data.feeds.live_feed | 🚀 Starting live feed via client WebSocket
2026-02-08 18:17:07 | INFO     | shoonya_platform.brokers.shoonya.client | 🚀 Starting WebSocket
2026-02-08 18:17:07 | INFO     | websocket            | Websocket connected
2026-02-08 18:17:07 | INFO     | shoonya_platform.market_data.feeds.live_feed | [32m[1m✅ WebSocket connection opened[0m
2026-02-08 18:17:17 | WARNING  | shoonya_platform.market_data.feeds.live_feed | ⚠️ WebSocket connected but no ticks received yet - failing start to trigger recovery
2026-02-08 18:17:17 | CRITICAL | TRADING_BOT          | ❌ Failed to start live feed
2026-02-08 18:17:17 | CRITICAL | TRADING_BOT          | ❌ Initial broker login failed — aborting startup
2026-02-08 18:17:17 | ERROR    | shoonya_platform.utils.utils | Exception in execution_service.main: Live feed startup failed
2026-02-08 18:17:17 | ERROR    | shoonya_platform.utils.utils | Traceback: Traceback (most recent call last):
  File "/home/ec2-user/shoonya_platform/main.py", line 227, in main
    bot_instance = ShoonyaBot(config)
  File "/home/ec2-user/shoonya_platform/shoonya_platform/execution/trading_bot.py", line 259, in __init__
    raise RuntimeError("Live feed startup failed")
RuntimeError: Live feed startup failed

2026-02-08 18:17:17 | CRITICAL | EXECUTION_SERVICE    | FATAL ERROR: Live feed startup failed
Traceback (most recent call last):
  File "/home/ec2-user/shoonya_platform/main.py", line 227, in main
    bot_instance = ShoonyaBot(config)
  File "/home/ec2-user/shoonya_platform/shoonya_platform/execution/trading_bot.py", line 259, in __init__
    raise RuntimeError("Live feed startup failed")
RuntimeError: Live feed startup failed
2026-02-08 18:17:17 | INFO     | EXECUTION_SERVICE    | 🏁 Execution service stopped
DB PATH IN USE: /home/ec2-user/shoonya_platform/shoonya_platform/persistence/data/orders.db
2026-02-08 18:17:26 | INFO     | EXECUTION_SERVICE    | ======================================================================
2026-02-08 18:17:26 | INFO     | EXECUTION_SERVICE    | 🚀 STARTING EXECUTION SERVICE (PRODUCTION — FREEZE-READY)
2026-02-08 18:17:26 | INFO     | EXECUTION_SERVICE    | ======================================================================
2026-02-08 18:17:26 | INFO     | EXECUTION_SERVICE    | PID: 2763692
2026-02-08 18:17:26 | INFO     | EXECUTION_SERVICE    | Python: 3.9.25 (main, Nov 12 2025, 00:00:00) 
[GCC 11.5.0 20240719 (Red Hat 11.5.0-5)]
2026-02-08 18:17:26 | INFO     | EXECUTION_SERVICE    | CWD: /home/ec2-user/shoonya_platform
2026-02-08 18:17:26 | INFO     | EXECUTION_SERVICE    | 📋 Log files (rotating, 50MB max, 10 backups):
2026-02-08 18:17:26 | INFO     | EXECUTION_SERVICE    |    - execution_service.log (main service)
2026-02-08 18:17:26 | INFO     | EXECUTION_SERVICE    |    - trading_bot.log (bot logic)
2026-02-08 18:17:26 | INFO     | EXECUTION_SERVICE    |    - command_service.log (command execution)
2026-02-08 18:17:26 | INFO     | EXECUTION_SERVICE    |    - order_watcher.log (order tracking)
2026-02-08 18:17:26 | INFO     | EXECUTION_SERVICE    |    - risk_manager.log (risk management)
2026-02-08 18:17:26 | INFO     | EXECUTION_SERVICE    |    - execution_guard.log (trade guard)
2026-02-08 18:17:26 | INFO     | EXECUTION_SERVICE    |    - dashboard.log (dashboard API)
2026-02-08 18:17:26 | INFO     | EXECUTION_SERVICE    | Loading configuration...
2026-02-08 18:17:26 | INFO     | shoonya_platform.core.config | Environment configuration loaded successfully
2026-02-08 18:17:26 | INFO     | shoonya_platform.core.config | ✅ Configuration validated successfully
2026-02-08 18:17:26 | INFO     | EXECUTION_SERVICE    | Initializing ShoonyaBot (SINGLE INSTANCE)
2026-02-08 18:17:26 | CRITICAL | TRADING_BOT          | 🔥 ShoonyaBot INIT STARTED
2026-02-08 18:17:26 | INFO     | shoonya_platform.brokers.shoonya.client | ✅ ShoonyaClient v3.3 initialized | auto_recovery=True | fail_hard=enabled
2026-02-08 18:17:26 | CRITICAL | TRADING_BOT          | 🔐 LOGIN ATTEMPT | service=signal_processor | reason=startup
2026-02-08 18:17:26 | INFO     | shoonya_platform.brokers.shoonya.client | 🔐 Shoonya login attempt 1/3
2026-02-08 18:17:26 | INFO     | shoonya_platform.brokers.shoonya.client | ✅ Shoonya login successful
2026-02-08 18:17:26 | CRITICAL | TRADING_BOT          | ✅ LOGIN SUCCESS | service=signal_processor | session_active=True
2026-02-08 18:17:26 | INFO     | shoonya_platform.market_data.feeds.live_feed | 🚀 Starting live feed via client WebSocket
2026-02-08 18:17:26 | INFO     | shoonya_platform.brokers.shoonya.client | 🚀 Starting WebSocket
2026-02-08 18:17:26 | INFO     | websocket            | Websocket connected
2026-02-08 18:17:26 | INFO     | shoonya_platform.market_data.feeds.live_feed | [32m[1m✅ WebSocket connection opened[0m
2026-02-08 18:17:36 | WARNING  | shoonya_platform.market_data.feeds.live_feed | ⚠️ WebSocket connected but no ticks received yet - failing start to trigger recovery
2026-02-08 18:17:36 | CRITICAL | TRADING_BOT          | ❌ Failed to start live feed
2026-02-08 18:17:36 | CRITICAL | TRADING_BOT          | ❌ Initial broker login failed — aborting startup
2026-02-08 18:17:36 | ERROR    | shoonya_platform.utils.utils | Exception in execution_service.main: Live feed startup failed
2026-02-08 18:17:36 | ERROR    | shoonya_platform.utils.utils | Traceback: Traceback (most recent call last):
  File "/home/ec2-user/shoonya_platform/main.py", line 227, in main
    bot_instance = ShoonyaBot(config)
  File "/home/ec2-user/shoonya_platform/shoonya_platform/execution/trading_bot.py", line 259, in __init__
    raise RuntimeError("Live feed startup failed")
RuntimeError: Live feed startup failed

2026-02-08 18:17:36 | CRITICAL | EXECUTION_SERVICE    | FATAL ERROR: Live feed startup failed
Traceback (most recent call last):
  File "/home/ec2-user/shoonya_platform/main.py", line 227, in main
    bot_instance = ShoonyaBot(config)
  File "/home/ec2-user/shoonya_platform/shoonya_platform/execution/trading_bot.py", line 259, in __init__
    raise RuntimeError("Live feed startup failed")
RuntimeError: Live feed startup failed
2026-02-08 18:17:36 | INFO     | EXECUTION_SERVICE    | 🏁 Execution service stopped
DB PATH IN USE: /home/ec2-user/shoonya_platform/shoonya_platform/persistence/data/orders.db
2026-02-08 18:17:45 | INFO     | EXECUTION_SERVICE    | ======================================================================
2026-02-08 18:17:45 | INFO     | EXECUTION_SERVICE    | 🚀 STARTING EXECUTION SERVICE (PRODUCTION — FREEZE-READY)
2026-02-08 18:17:45 | INFO     | EXECUTION_SERVICE    | ======================================================================
2026-02-08 18:17:45 | INFO     | EXECUTION_SERVICE    | PID: 2763778
2026-02-08 18:17:45 | INFO     | EXECUTION_SERVICE    | Python: 3.9.25 (main, Nov 12 2025, 00:00:00) 
[GCC 11.5.0 20240719 (Red Hat 11.5.0-5)]
2026-02-08 18:17:45 | INFO     | EXECUTION_SERVICE    | CWD: /home/ec2-user/shoonya_platform
2026-02-08 18:17:45 | INFO     | EXECUTION_SERVICE    | 📋 Log files (rotating, 50MB max, 10 backups):
2026-02-08 18:17:45 | INFO     | EXECUTION_SERVICE    |    - execution_service.log (main service)
2026-02-08 18:17:45 | INFO     | EXECUTION_SERVICE    |    - trading_bot.log (bot logic)
2026-02-08 18:17:45 | INFO     | EXECUTION_SERVICE    |    - command_service.log (command execution)
2026-02-08 18:17:45 | INFO     | EXECUTION_SERVICE    |    - order_watcher.log (order tracking)
2026-02-08 18:17:45 | INFO     | EXECUTION_SERVICE    |    - risk_manager.log (risk management)
2026-02-08 18:17:45 | INFO     | EXECUTION_SERVICE    |    - execution_guard.log (trade guard)
2026-02-08 18:17:45 | INFO     | EXECUTION_SERVICE    |    - dashboard.log (dashboard API)
2026-02-08 18:17:45 | INFO     | EXECUTION_SERVICE    | Loading configuration...
2026-02-08 18:17:45 | INFO     | shoonya_platform.core.config | Environment configuration loaded successfully
2026-02-08 18:17:45 | INFO     | shoonya_platform.core.config | ✅ Configuration validated successfully
2026-02-08 18:17:45 | INFO     | EXECUTION_SERVICE    | Initializing ShoonyaBot (SINGLE INSTANCE)
2026-02-08 18:17:45 | CRITICAL | TRADING_BOT          | 🔥 ShoonyaBot INIT STARTED
2026-02-08 18:17:45 | INFO     | shoonya_platform.brokers.shoonya.client | ✅ ShoonyaClient v3.3 initialized | auto_recovery=True | fail_hard=enabled
2026-02-08 18:17:45 | CRITICAL | TRADING_BOT          | 🔐 LOGIN ATTEMPT | service=signal_processor | reason=startup
2026-02-08 18:17:45 | INFO     | shoonya_platform.brokers.shoonya.client | 🔐 Shoonya login attempt 1/3
2026-02-08 18:17:45 | INFO     | shoonya_platform.brokers.shoonya.client | ✅ Shoonya login successful
2026-02-08 18:17:46 | CRITICAL | TRADING_BOT          | ✅ LOGIN SUCCESS | service=signal_processor | session_active=True
2026-02-08 18:17:46 | INFO     | shoonya_platform.market_data.feeds.live_feed | 🚀 Starting live feed via client WebSocket
2026-02-08 18:17:46 | INFO     | shoonya_platform.brokers.shoonya.client | 🚀 Starting WebSocket
2026-02-08 18:17:46 | INFO     | websocket            | Websocket connected
2026-02-08 18:17:46 | INFO     | shoonya_platform.market_data.feeds.live_feed | [32m[1m✅ WebSocket connection opened[0m
2026-02-08 18:17:56 | WARNING  | shoonya_platform.market_data.feeds.live_feed | ⚠️ WebSocket connected but no ticks received yet - failing start to trigger recovery
2026-02-08 18:17:56 | CRITICAL | TRADING_BOT          | ❌ Failed to start live feed
2026-02-08 18:17:56 | CRITICAL | TRADING_BOT          | ❌ Initial broker login failed — aborting startup
2026-02-08 18:17:56 | ERROR    | shoonya_platform.utils.utils | Exception in execution_service.main: Live feed startup failed
2026-02-08 18:17:56 | ERROR    | shoonya_platform.utils.utils | Traceback: Traceback (most recent call last):
  File "/home/ec2-user/shoonya_platform/main.py", line 227, in main
    bot_instance = ShoonyaBot(config)
  File "/home/ec2-user/shoonya_platform/shoonya_platform/execution/trading_bot.py", line 259, in __init__
    raise RuntimeError("Live feed startup failed")
RuntimeError: Live feed startup failed

2026-02-08 18:17:56 | CRITICAL | EXECUTION_SERVICE    | FATAL ERROR: Live feed startup failed
Traceback (most recent call last):
  File "/home/ec2-user/shoonya_platform/main.py", line 227, in main
    bot_instance = ShoonyaBot(config)
  File "/home/ec2-user/shoonya_platform/shoonya_platform/execution/trading_bot.py", line 259, in __init__
    raise RuntimeError("Live feed startup failed")
RuntimeError: Live feed startup failed
2026-02-08 18:17:56 | INFO     | EXECUTION_SERVICE    | 🏁 Execution service stopped
DB PATH IN USE: /home/ec2-user/shoonya_platform/shoonya_platform/persistence/data/orders.db
2026-02-08 18:18:04 | INFO     | EXECUTION_SERVICE    | ======================================================================
2026-02-08 18:18:04 | INFO     | EXECUTION_SERVICE    | 🚀 STARTING EXECUTION SERVICE (PRODUCTION — FREEZE-READY)
2026-02-08 18:18:04 | INFO     | EXECUTION_SERVICE    | ======================================================================
2026-02-08 18:18:04 | INFO     | EXECUTION_SERVICE    | PID: 2763864
2026-02-08 18:18:04 | INFO     | EXECUTION_SERVICE    | Python: 3.9.25 (main, Nov 12 2025, 00:00:00) 
[GCC 11.5.0 20240719 (Red Hat 11.5.0-5)]
2026-02-08 18:18:04 | INFO     | EXECUTION_SERVICE    | CWD: /home/ec2-user/shoonya_platform
2026-02-08 18:18:04 | INFO     | EXECUTION_SERVICE    | 📋 Log files (rotating, 50MB max, 10 backups):
2026-02-08 18:18:04 | INFO     | EXECUTION_SERVICE    |    - execution_service.log (main service)
2026-02-08 18:18:04 | INFO     | EXECUTION_SERVICE    |    - trading_bot.log (bot logic)
2026-02-08 18:18:04 | INFO     | EXECUTION_SERVICE    |    - command_service.log (command execution)
2026-02-08 18:18:04 | INFO     | EXECUTION_SERVICE    |    - order_watcher.log (order tracking)
2026-02-08 18:18:04 | INFO     | EXECUTION_SERVICE    |    - risk_manager.log (risk management)
2026-02-08 18:18:04 | INFO     | EXECUTION_SERVICE    |    - execution_guard.log (trade guard)
2026-02-08 18:18:04 | INFO     | EXECUTION_SERVICE    |    - dashboard.log (dashboard API)
2026-02-08 18:18:04 | INFO     | EXECUTION_SERVICE    | Loading configuration...
2026-02-08 18:18:04 | INFO     | shoonya_platform.core.config | Environment configuration loaded successfully
2026-02-08 18:18:04 | INFO     | shoonya_platform.core.config | ✅ Configuration validated successfully
2026-02-08 18:18:04 | INFO     | EXECUTION_SERVICE    | Initializing ShoonyaBot (SINGLE INSTANCE)
2026-02-08 18:18:04 | CRITICAL | TRADING_BOT          | 🔥 ShoonyaBot INIT STARTED
2026-02-08 18:18:04 | INFO     | shoonya_platform.brokers.shoonya.client | ✅ ShoonyaClient v3.3 initialized | auto_recovery=True | fail_hard=enabled
2026-02-08 18:18:04 | CRITICAL | TRADING_BOT          | 🔐 LOGIN ATTEMPT | service=signal_processor | reason=startup
2026-02-08 18:18:04 | INFO     | shoonya_platform.brokers.shoonya.client | 🔐 Shoonya login attempt 1/3
2026-02-08 18:18:04 | INFO     | shoonya_platform.brokers.shoonya.client | ✅ Shoonya login successful
2026-02-08 18:18:05 | CRITICAL | TRADING_BOT          | ✅ LOGIN SUCCESS | service=signal_processor | session_active=True
2026-02-08 18:18:05 | INFO     | shoonya_platform.market_data.feeds.live_feed | 🚀 Starting live feed via client WebSocket
2026-02-08 18:18:05 | INFO     | shoonya_platform.brokers.shoonya.client | 🚀 Starting WebSocket
2026-02-08 18:18:05 | INFO     | websocket            | Websocket connected
2026-02-08 18:18:05 | INFO     | shoonya_platform.market_data.feeds.live_feed | [32m[1m✅ WebSocket connection opened[0m
2026-02-08 18:18:15 | WARNING  | shoonya_platform.market_data.feeds.live_feed | ⚠️ WebSocket connected but no ticks received yet - failing start to trigger recovery
2026-02-08 18:18:15 | CRITICAL | TRADING_BOT          | ❌ Failed to start live feed
2026-02-08 18:18:15 | CRITICAL | TRADING_BOT          | ❌ Initial broker login failed — aborting startup
2026-02-08 18:18:15 | ERROR    | shoonya_platform.utils.utils | Exception in execution_service.main: Live feed startup failed
2026-02-08 18:18:15 | ERROR    | shoonya_platform.utils.utils | Traceback: Traceback (most recent call last):
  File "/home/ec2-user/shoonya_platform/main.py", line 227, in main
    bot_instance = ShoonyaBot(config)
  File "/home/ec2-user/shoonya_platform/shoonya_platform/execution/trading_bot.py", line 259, in __init__
    raise RuntimeError("Live feed startup failed")
RuntimeError: Live feed startup failed

2026-02-08 18:18:15 | CRITICAL | EXECUTION_SERVICE    | FATAL ERROR: Live feed startup failed
Traceback (most recent call last):
  File "/home/ec2-user/shoonya_platform/main.py", line 227, in main
    bot_instance = ShoonyaBot(config)
  File "/home/ec2-user/shoonya_platform/shoonya_platform/execution/trading_bot.py", line 259, in __init__
    raise RuntimeError("Live feed startup failed")
RuntimeError: Live feed startup failed
2026-02-08 18:18:15 | INFO     | EXECUTION_SERVICE    | 🏁 Execution service stopped
