2026-02-08 19:41:38 | INFO     | EXECUTION_SERVICE    | ======================================================================
2026-02-08 19:41:38 | INFO     | EXECUTION_SERVICE    | 🚀 STARTING EXECUTION SERVICE (PRODUCTION — FREEZE-READY)
2026-02-08 19:41:38 | INFO     | EXECUTION_SERVICE    | ======================================================================
2026-02-08 19:41:38 | INFO     | EXECUTION_SERVICE    | PID: 2781350
2026-02-08 19:41:38 | INFO     | EXECUTION_SERVICE    | Python: 3.9.25 (main, Nov 12 2025, 00:00:00) 
[GCC 11.5.0 20240719 (Red Hat 11.5.0-5)]
2026-02-08 19:41:38 | INFO     | EXECUTION_SERVICE    | CWD: /home/ec2-user/shoonya_platform
2026-02-08 19:41:38 | INFO     | EXECUTION_SERVICE    | 📋 Log files (rotating, 50MB max, 10 backups):
2026-02-08 19:41:38 | INFO     | EXECUTION_SERVICE    |    - execution_service.log (main service)
2026-02-08 19:41:38 | INFO     | EXECUTION_SERVICE    |    - trading_bot.log (bot logic)
2026-02-08 19:41:38 | INFO     | EXECUTION_SERVICE    |    - command_service.log (command execution)
2026-02-08 19:41:38 | INFO     | EXECUTION_SERVICE    |    - order_watcher.log (order tracking)
2026-02-08 19:41:38 | INFO     | EXECUTION_SERVICE    |    - risk_manager.log (risk management)
2026-02-08 19:41:38 | INFO     | EXECUTION_SERVICE    |    - execution_guard.log (trade guard)
2026-02-08 19:41:38 | INFO     | EXECUTION_SERVICE    |    - dashboard.log (dashboard API)
2026-02-08 19:41:38 | INFO     | EXECUTION_SERVICE    | Loading configuration...
2026-02-08 19:41:38 | INFO     | EXECUTION_SERVICE    | Initializing ShoonyaBot (SINGLE INSTANCE)
2026-02-08 19:41:56 | INFO     | EXECUTION_SERVICE    | 📦 Loading ScriptMaster from disk
2026-02-08 19:41:56 | INFO     | EXECUTION_SERVICE    | ✅ Global bot instance registered
2026-02-08 19:41:56 | INFO     | EXECUTION_SERVICE    | Signal handlers installed
2026-02-08 19:41:57 | INFO     | EXECUTION_SERVICE    | Initializing execution HTTP service...
2026-02-08 19:41:57 | INFO     | EXECUTION_SERVICE    | Execution service configuration:
2026-02-08 19:41:57 | INFO     | EXECUTION_SERVICE    |   Host       : 0.0.0.0
2026-02-08 19:41:57 | INFO     | EXECUTION_SERVICE    |   Port       : 5000
2026-02-08 19:41:57 | INFO     | EXECUTION_SERVICE    |   Threads    : 4
2026-02-08 19:41:57 | INFO     | EXECUTION_SERVICE    |   Telegram   : ENABLED
2026-02-08 19:41:57 | INFO     | EXECUTION_SERVICE    | Starting dashboard server...
2026-02-08 19:41:57 | INFO     | EXECUTION_SERVICE    | 📦 Loading ScriptMaster from disk
2026-02-08 19:41:59 | INFO     | EXECUTION_SERVICE    | ✅ Dashboard started on port 8000 (shared session)
2026-02-08 19:41:59 | INFO     | EXECUTION_SERVICE    | ======================================================================
2026-02-08 19:41:59 | INFO     | EXECUTION_SERVICE    | ✅ EXECUTION SERVICE READY — ACCEPTING WEBHOOKS
2026-02-08 19:41:59 | INFO     | EXECUTION_SERVICE    | ======================================================================
2026-02-08 19:42:02 | INFO     | EXECUTION_SERVICE    | 📊 Dashboard starting | PID=2781350 | Thread=DashboardThread
2026-02-08 20:41:56 | INFO     | EXECUTION_SERVICE    | 📦 Loading ScriptMaster from disk
2026-02-08 21:41:57 | INFO     | EXECUTION_SERVICE    | 📦 Loading ScriptMaster from disk
2026-02-08 22:41:58 | INFO     | EXECUTION_SERVICE    | 📦 Loading ScriptMaster from disk
2026-02-08 23:41:58 | INFO     | EXECUTION_SERVICE    | 📦 Loading ScriptMaster from disk
2026-02-09 00:41:59 | INFO     | EXECUTION_SERVICE    | ⬇️ Downloading NSE scripmaster
2026-02-09 00:41:59 | INFO     | EXECUTION_SERVICE    | ⬇️ Downloading NFO scripmaster
2026-02-09 00:42:00 | INFO     | EXECUTION_SERVICE    | ⬇️ Downloading BSE scripmaster
2026-02-09 00:42:00 | INFO     | EXECUTION_SERVICE    | ⬇️ Downloading BFO scripmaster
2026-02-09 00:42:01 | INFO     | EXECUTION_SERVICE    | ⬇️ Downloading MCX scripmaster
2026-02-09 00:42:04 | INFO     | EXECUTION_SERVICE    | 🎯 ScriptMaster refreshed & cached
2026-02-09 01:41:59 | INFO     | EXECUTION_SERVICE    | 📦 Loading ScriptMaster from disk
2026-02-09 02:42:00 | INFO     | EXECUTION_SERVICE    | 📦 Loading ScriptMaster from disk
2026-02-09 03:42:01 | INFO     | EXECUTION_SERVICE    | 📦 Loading ScriptMaster from disk
2026-02-09 04:42:01 | INFO     | EXECUTION_SERVICE    | 📦 Loading ScriptMaster from disk
2026-02-09 05:42:01 | INFO     | EXECUTION_SERVICE    | 📦 Loading ScriptMaster from disk
2026-02-09 06:42:01 | INFO     | EXECUTION_SERVICE    | 📦 Loading ScriptMaster from disk
2026-02-09 07:42:02 | INFO     | EXECUTION_SERVICE    | 📦 Loading ScriptMaster from disk
2026-02-09 08:42:02 | INFO     | EXECUTION_SERVICE    | 📦 Loading ScriptMaster from disk
2026-02-09 09:42:02 | INFO     | EXECUTION_SERVICE    | 📦 Loading ScriptMaster from disk
2026-02-09 10:42:02 | INFO     | EXECUTION_SERVICE    | 📦 Loading ScriptMaster from disk
2026-02-09 10:59:01 | WARNING  | EXECUTION_SERVICE    | 🛑 Received shutdown signal: 15
2026-02-09 10:59:01 | INFO     | EXECUTION_SERVICE    | Initiating graceful shutdown sequence...
2026-02-09 10:59:01 | INFO     | EXECUTION_SERVICE    | Shutting down trading bot...
2026-02-09 10:59:02 | INFO     | EXECUTION_SERVICE    | Stopping dashboard server...
2026-02-09 10:59:02 | INFO     | EXECUTION_SERVICE    | Waiting for dashboard thread to terminate...
2026-02-09 10:59:02 | INFO     | EXECUTION_SERVICE    | Dashboard server stopped
2026-02-09 10:59:02 | INFO     | EXECUTION_SERVICE    | ✅ Shutdown complete
2026-02-09 11:01:48 | INFO     | EXECUTION_SERVICE    | ======================================================================
2026-02-09 11:01:48 | INFO     | EXECUTION_SERVICE    | 🚀 STARTING EXECUTION SERVICE (PRODUCTION — FREEZE-READY)
2026-02-09 11:01:48 | INFO     | EXECUTION_SERVICE    | ======================================================================
2026-02-09 11:01:48 | INFO     | EXECUTION_SERVICE    | PID: 2820393
2026-02-09 11:01:48 | INFO     | EXECUTION_SERVICE    | Python: 3.9.25 (main, Nov 12 2025, 00:00:00) 
[GCC 11.5.0 20240719 (Red Hat 11.5.0-5)]
2026-02-09 11:01:48 | INFO     | EXECUTION_SERVICE    | CWD: /home/ec2-user/shoonya_platform
2026-02-09 11:01:48 | INFO     | EXECUTION_SERVICE    | 📋 Log files (rotating, 50MB max, 10 backups):
2026-02-09 11:01:48 | INFO     | EXECUTION_SERVICE    |    - execution_service.log (main service)
2026-02-09 11:01:48 | INFO     | EXECUTION_SERVICE    |    - trading_bot.log (bot logic)
2026-02-09 11:01:48 | INFO     | EXECUTION_SERVICE    |    - command_service.log (command execution)
2026-02-09 11:01:48 | INFO     | EXECUTION_SERVICE    |    - order_watcher.log (order tracking)
2026-02-09 11:01:48 | INFO     | EXECUTION_SERVICE    |    - risk_manager.log (risk management)
2026-02-09 11:01:48 | INFO     | EXECUTION_SERVICE    |    - execution_guard.log (trade guard)
2026-02-09 11:01:48 | INFO     | EXECUTION_SERVICE    |    - dashboard.log (dashboard API)
2026-02-09 11:01:48 | INFO     | EXECUTION_SERVICE    | Loading configuration...
2026-02-09 11:01:48 | INFO     | EXECUTION_SERVICE    | Initializing ShoonyaBot (SINGLE INSTANCE)
2026-02-09 11:02:06 | INFO     | EXECUTION_SERVICE    | 📦 Loading ScriptMaster from disk
2026-02-09 11:02:06 | INFO     | EXECUTION_SERVICE    | ✅ Global bot instance registered
2026-02-09 11:02:06 | INFO     | EXECUTION_SERVICE    | Signal handlers installed
2026-02-09 11:02:07 | INFO     | EXECUTION_SERVICE    | Initializing execution HTTP service...
2026-02-09 11:02:07 | INFO     | EXECUTION_SERVICE    | Execution service configuration:
2026-02-09 11:02:07 | INFO     | EXECUTION_SERVICE    |   Host       : 0.0.0.0
2026-02-09 11:02:07 | INFO     | EXECUTION_SERVICE    |   Port       : 5000
2026-02-09 11:02:07 | INFO     | EXECUTION_SERVICE    |   Threads    : 4
2026-02-09 11:02:07 | INFO     | EXECUTION_SERVICE    |   Telegram   : ENABLED
2026-02-09 11:02:07 | INFO     | EXECUTION_SERVICE    | Starting dashboard server...
2026-02-09 11:02:07 | INFO     | EXECUTION_SERVICE    | 📦 Loading ScriptMaster from disk
2026-02-09 11:02:09 | INFO     | EXECUTION_SERVICE    | ✅ Dashboard started on port 8000 (shared session)
2026-02-09 11:02:09 | INFO     | EXECUTION_SERVICE    | ======================================================================
2026-02-09 11:02:09 | INFO     | EXECUTION_SERVICE    | ✅ EXECUTION SERVICE READY — ACCEPTING WEBHOOKS
2026-02-09 11:02:09 | INFO     | EXECUTION_SERVICE    | ======================================================================
2026-02-09 11:02:13 | INFO     | EXECUTION_SERVICE    | 📊 Dashboard starting | PID=2820393 | Thread=DashboardThread
2026-02-09 12:02:06 | INFO     | EXECUTION_SERVICE    | 📦 Loading ScriptMaster from disk
2026-02-09 12:38:54 | WARNING  | EXECUTION_SERVICE    | 🛑 Received shutdown signal: 15
2026-02-09 12:38:54 | INFO     | EXECUTION_SERVICE    | Initiating graceful shutdown sequence...
2026-02-09 12:38:54 | INFO     | EXECUTION_SERVICE    | Shutting down trading bot...
2026-02-09 12:38:55 | INFO     | EXECUTION_SERVICE    | Stopping dashboard server...
2026-02-09 12:38:55 | INFO     | EXECUTION_SERVICE    | Waiting for dashboard thread to terminate...
2026-02-09 12:38:56 | INFO     | EXECUTION_SERVICE    | Dashboard server stopped
2026-02-09 12:38:56 | INFO     | EXECUTION_SERVICE    | ✅ Shutdown complete
2026-02-09 20:33:50 | INFO     | EXECUTION_SERVICE    | ======================================================================
2026-02-09 20:33:50 | INFO     | EXECUTION_SERVICE    | 🚀 STARTING EXECUTION SERVICE (PRODUCTION — FREEZE-READY)
2026-02-09 20:33:50 | INFO     | EXECUTION_SERVICE    | ======================================================================
2026-02-09 20:33:50 | INFO     | EXECUTION_SERVICE    | PID: 2921223
2026-02-09 20:33:50 | INFO     | EXECUTION_SERVICE    | Python: 3.9.25 (main, Nov 12 2025, 00:00:00) 
[GCC 11.5.0 20240719 (Red Hat 11.5.0-5)]
2026-02-09 20:33:50 | INFO     | EXECUTION_SERVICE    | CWD: /home/ec2-user/shoonya_platform
2026-02-09 20:33:50 | INFO     | EXECUTION_SERVICE    | 📋 Log files (rotating, 50MB max, 10 backups):
2026-02-09 20:33:50 | INFO     | EXECUTION_SERVICE    |    - execution_service.log (main service)
2026-02-09 20:33:50 | INFO     | EXECUTION_SERVICE    |    - trading_bot.log (bot logic)
2026-02-09 20:33:50 | INFO     | EXECUTION_SERVICE    |    - command_service.log (command execution)
2026-02-09 20:33:50 | INFO     | EXECUTION_SERVICE    |    - order_watcher.log (order tracking)
2026-02-09 20:33:50 | INFO     | EXECUTION_SERVICE    |    - risk_manager.log (risk management)
2026-02-09 20:33:50 | INFO     | EXECUTION_SERVICE    |    - execution_guard.log (trade guard)
2026-02-09 20:33:50 | INFO     | EXECUTION_SERVICE    |    - dashboard.log (dashboard API)
2026-02-09 20:33:50 | INFO     | EXECUTION_SERVICE    | Loading configuration...
2026-02-09 20:33:50 | INFO     | EXECUTION_SERVICE    | Initializing ShoonyaBot (SINGLE INSTANCE)
2026-02-09 20:34:08 | INFO     | EXECUTION_SERVICE    | 📦 Loading ScriptMaster from disk
2026-02-09 20:34:08 | INFO     | EXECUTION_SERVICE    | ✅ Global bot instance registered
2026-02-09 20:34:08 | INFO     | EXECUTION_SERVICE    | Signal handlers installed
2026-02-09 20:34:09 | INFO     | EXECUTION_SERVICE    | Initializing execution HTTP service...
2026-02-09 20:34:09 | INFO     | EXECUTION_SERVICE    | Execution service configuration:
2026-02-09 20:34:09 | INFO     | EXECUTION_SERVICE    |   Host       : 0.0.0.0
2026-02-09 20:34:09 | INFO     | EXECUTION_SERVICE    |   Port       : 5000
2026-02-09 20:34:09 | INFO     | EXECUTION_SERVICE    |   Threads    : 4
2026-02-09 20:34:09 | INFO     | EXECUTION_SERVICE    |   Telegram   : ENABLED
2026-02-09 20:34:09 | INFO     | EXECUTION_SERVICE    | Starting dashboard server...
2026-02-09 20:34:09 | INFO     | EXECUTION_SERVICE    | 📦 Loading ScriptMaster from disk
2026-02-09 20:34:11 | INFO     | EXECUTION_SERVICE    | ✅ Dashboard started on port 8000 (shared session)
2026-02-09 20:34:11 | INFO     | EXECUTION_SERVICE    | ======================================================================
2026-02-09 20:34:11 | INFO     | EXECUTION_SERVICE    | ✅ EXECUTION SERVICE READY — ACCEPTING WEBHOOKS
2026-02-09 20:34:11 | INFO     | EXECUTION_SERVICE    | ======================================================================
2026-02-09 20:34:15 | INFO     | EXECUTION_SERVICE    | 📊 Dashboard starting | PID=2921223 | Thread=DashboardThread
2026-02-09 21:34:08 | INFO     | EXECUTION_SERVICE    | 📦 Loading ScriptMaster from disk
2026-02-09 22:34:09 | INFO     | EXECUTION_SERVICE    | 📦 Loading ScriptMaster from disk
2026-02-09 23:34:10 | INFO     | EXECUTION_SERVICE    | 📦 Loading ScriptMaster from disk
2026-02-10 00:34:11 | INFO     | EXECUTION_SERVICE    | ⬇️ Downloading NSE scripmaster
2026-02-10 00:34:11 | INFO     | EXECUTION_SERVICE    | ⬇️ Downloading NFO scripmaster
2026-02-10 00:34:13 | INFO     | EXECUTION_SERVICE    | ⬇️ Downloading BSE scripmaster
2026-02-10 00:34:13 | INFO     | EXECUTION_SERVICE    | ⬇️ Downloading BFO scripmaster
2026-02-10 00:34:13 | INFO     | EXECUTION_SERVICE    | ⬇️ Downloading MCX scripmaster
2026-02-10 00:34:16 | INFO     | EXECUTION_SERVICE    | 🎯 ScriptMaster refreshed & cached
2026-02-10 01:34:11 | INFO     | EXECUTION_SERVICE    | 📦 Loading ScriptMaster from disk
2026-02-10 02:07:41 | WARNING  | EXECUTION_SERVICE    | 🛑 Received shutdown signal: 15
2026-02-10 02:07:41 | INFO     | EXECUTION_SERVICE    | Initiating graceful shutdown sequence (30s timeout)...
2026-02-10 02:07:41 | INFO     | EXECUTION_SERVICE    | 🤖 Shutting down trading bot...
2026-02-10 02:07:42 | INFO     | EXECUTION_SERVICE    | 📊 Stopping dashboard server...
2026-02-10 02:07:42 | INFO     | EXECUTION_SERVICE    | ⏳ Waiting for dashboard thread (timeout=28.4s)...
2026-02-10 02:07:42 | INFO     | EXECUTION_SERVICE    | Dashboard server stopped
2026-02-10 02:07:42 | INFO     | EXECUTION_SERVICE    | ✅ Graceful shutdown complete in 1.7s
2026-02-10 02:07:42 | INFO     | EXECUTION_SERVICE    | 🏁 Execution service stopped
2026-02-10 02:48:11 | INFO     | EXECUTION_SERVICE    | ======================================================================
2026-02-10 02:48:11 | INFO     | EXECUTION_SERVICE    | 🚀 STARTING EXECUTION SERVICE (PRODUCTION — FREEZE-READY)
2026-02-10 02:48:11 | INFO     | EXECUTION_SERVICE    | ======================================================================
2026-02-10 02:48:11 | INFO     | EXECUTION_SERVICE    | PID: 2965680
2026-02-10 02:48:11 | INFO     | EXECUTION_SERVICE    | Python: 3.9.25 (main, Nov 12 2025, 00:00:00) 
[GCC 11.5.0 20240719 (Red Hat 11.5.0-5)]
2026-02-10 02:48:11 | INFO     | EXECUTION_SERVICE    | CWD: /home/ec2-user/shoonya_platform
2026-02-10 02:48:11 | INFO     | EXECUTION_SERVICE    | 📋 Log files (rotating, 50MB max, 10 backups):
2026-02-10 02:48:11 | INFO     | EXECUTION_SERVICE    |    - execution_service.log (main service)
2026-02-10 02:48:11 | INFO     | EXECUTION_SERVICE    |    - trading_bot.log (bot logic)
2026-02-10 02:48:11 | INFO     | EXECUTION_SERVICE    |    - command_service.log (command execution)
2026-02-10 02:48:11 | INFO     | EXECUTION_SERVICE    |    - order_watcher.log (order tracking)
2026-02-10 02:48:11 | INFO     | EXECUTION_SERVICE    |    - risk_manager.log (risk management)
2026-02-10 02:48:11 | INFO     | EXECUTION_SERVICE    |    - execution_guard.log (trade guard)
2026-02-10 02:48:11 | INFO     | EXECUTION_SERVICE    |    - dashboard.log (dashboard API)
2026-02-10 02:48:11 | INFO     | EXECUTION_SERVICE    | Loading configuration...
2026-02-10 02:48:11 | INFO     | EXECUTION_SERVICE    | Initializing ShoonyaBot (SINGLE INSTANCE)
2026-02-10 02:48:29 | INFO     | EXECUTION_SERVICE    | 📦 Loading ScriptMaster from disk
2026-02-10 02:48:29 | INFO     | EXECUTION_SERVICE    | ✅ Global bot instance registered
2026-02-10 02:48:29 | INFO     | EXECUTION_SERVICE    | Signal handlers installed
2026-02-10 02:48:30 | INFO     | EXECUTION_SERVICE    | Initializing execution HTTP service...
2026-02-10 02:48:30 | INFO     | EXECUTION_SERVICE    | Execution service configuration:
2026-02-10 02:48:30 | INFO     | EXECUTION_SERVICE    |   Host       : 0.0.0.0
2026-02-10 02:48:30 | INFO     | EXECUTION_SERVICE    |   Port       : 5000
2026-02-10 02:48:30 | INFO     | EXECUTION_SERVICE    |   Threads    : 4
2026-02-10 02:48:30 | INFO     | EXECUTION_SERVICE    |   Telegram   : ENABLED
2026-02-10 02:48:30 | INFO     | EXECUTION_SERVICE    | Starting dashboard server...
2026-02-10 02:48:30 | INFO     | EXECUTION_SERVICE    | 📦 Loading ScriptMaster from disk
2026-02-10 02:48:32 | INFO     | EXECUTION_SERVICE    | ✅ Dashboard started on port 8000 (shared session)
2026-02-10 02:48:33 | INFO     | EXECUTION_SERVICE    | ======================================================================
2026-02-10 02:48:33 | INFO     | EXECUTION_SERVICE    | ✅ EXECUTION SERVICE READY — ACCEPTING WEBHOOKS
2026-02-10 02:48:33 | INFO     | EXECUTION_SERVICE    | ======================================================================
2026-02-10 02:48:39 | INFO     | EXECUTION_SERVICE    | 📊 Dashboard starting | PID=2965680 | Thread=DashboardThread
2026-02-10 03:48:29 | INFO     | EXECUTION_SERVICE    | 📦 Loading ScriptMaster from disk
2026-02-10 04:48:30 | INFO     | EXECUTION_SERVICE    | 📦 Loading ScriptMaster from disk
2026-02-10 05:21:24 | INFO     | EXECUTION_SERVICE    | ======================================================================
2026-02-10 05:21:24 | INFO     | EXECUTION_SERVICE    | 🚀 STARTING EXECUTION SERVICE (PRODUCTION — FREEZE-READY)
2026-02-10 05:21:24 | INFO     | EXECUTION_SERVICE    | ======================================================================
2026-02-10 05:21:24 | INFO     | EXECUTION_SERVICE    | PID: 2997533
2026-02-10 05:21:24 | INFO     | EXECUTION_SERVICE    | Python: 3.9.25 (main, Nov 12 2025, 00:00:00) 
[GCC 11.5.0 20240719 (Red Hat 11.5.0-5)]
2026-02-10 05:21:24 | INFO     | EXECUTION_SERVICE    | CWD: /home/ec2-user/shoonya_platform
2026-02-10 05:21:24 | INFO     | EXECUTION_SERVICE    | 📋 Log files (rotating, 50MB max, 10 backups):
2026-02-10 05:21:24 | INFO     | EXECUTION_SERVICE    |    - execution_service.log (main service)
2026-02-10 05:21:24 | INFO     | EXECUTION_SERVICE    |    - trading_bot.log (bot logic)
2026-02-10 05:21:24 | INFO     | EXECUTION_SERVICE    |    - command_service.log (command execution)
2026-02-10 05:21:24 | INFO     | EXECUTION_SERVICE    |    - order_watcher.log (order tracking)
2026-02-10 05:21:24 | INFO     | EXECUTION_SERVICE    |    - risk_manager.log (risk management)
2026-02-10 05:21:24 | INFO     | EXECUTION_SERVICE    |    - execution_guard.log (trade guard)
2026-02-10 05:21:24 | INFO     | EXECUTION_SERVICE    |    - dashboard.log (dashboard API)
2026-02-10 05:21:24 | INFO     | EXECUTION_SERVICE    | Loading configuration...
2026-02-10 05:21:24 | INFO     | EXECUTION_SERVICE    | Initializing ShoonyaBot (SINGLE INSTANCE)
2026-02-10 05:21:40 | CRITICAL | EXECUTION_SERVICE    | FATAL ERROR: Live feed startup failed
Traceback (most recent call last):
  File "/home/ec2-user/shoonya_platform/main.py", line 239, in main
    bot_instance = ShoonyaBot(config)
  File "/home/ec2-user/shoonya_platform/shoonya_platform/execution/trading_bot.py", line 275, in __init__
    raise RuntimeError("Live feed startup failed")
RuntimeError: Live feed startup failed
2026-02-10 05:21:40 | INFO     | EXECUTION_SERVICE    | 🏁 Execution service stopped
2026-02-10 05:21:55 | INFO     | EXECUTION_SERVICE    | ======================================================================
2026-02-10 05:21:55 | INFO     | EXECUTION_SERVICE    | 🚀 STARTING EXECUTION SERVICE (PRODUCTION — FREEZE-READY)
2026-02-10 05:21:55 | INFO     | EXECUTION_SERVICE    | ======================================================================
2026-02-10 05:21:55 | INFO     | EXECUTION_SERVICE    | PID: 2997544
2026-02-10 05:21:55 | INFO     | EXECUTION_SERVICE    | Python: 3.9.25 (main, Nov 12 2025, 00:00:00) 
[GCC 11.5.0 20240719 (Red Hat 11.5.0-5)]
2026-02-10 05:21:55 | INFO     | EXECUTION_SERVICE    | CWD: /home/ec2-user/shoonya_platform
2026-02-10 05:21:55 | INFO     | EXECUTION_SERVICE    | 📋 Log files (rotating, 50MB max, 10 backups):
2026-02-10 05:21:55 | INFO     | EXECUTION_SERVICE    |    - execution_service.log (main service)
2026-02-10 05:21:55 | INFO     | EXECUTION_SERVICE    |    - trading_bot.log (bot logic)
2026-02-10 05:21:55 | INFO     | EXECUTION_SERVICE    |    - command_service.log (command execution)
2026-02-10 05:21:55 | INFO     | EXECUTION_SERVICE    |    - order_watcher.log (order tracking)
2026-02-10 05:21:55 | INFO     | EXECUTION_SERVICE    |    - risk_manager.log (risk management)
2026-02-10 05:21:55 | INFO     | EXECUTION_SERVICE    |    - execution_guard.log (trade guard)
2026-02-10 05:21:55 | INFO     | EXECUTION_SERVICE    |    - dashboard.log (dashboard API)
2026-02-10 05:21:55 | INFO     | EXECUTION_SERVICE    | Loading configuration...
2026-02-10 05:21:55 | INFO     | EXECUTION_SERVICE    | Initializing ShoonyaBot (SINGLE INSTANCE)
2026-02-10 05:22:12 | CRITICAL | EXECUTION_SERVICE    | FATAL ERROR: Live feed startup failed
Traceback (most recent call last):
  File "/home/ec2-user/shoonya_platform/main.py", line 239, in main
    bot_instance = ShoonyaBot(config)
  File "/home/ec2-user/shoonya_platform/shoonya_platform/execution/trading_bot.py", line 275, in __init__
    raise RuntimeError("Live feed startup failed")
RuntimeError: Live feed startup failed
2026-02-10 05:22:12 | INFO     | EXECUTION_SERVICE    | 🏁 Execution service stopped
2026-02-10 05:22:27 | INFO     | EXECUTION_SERVICE    | ======================================================================
2026-02-10 05:22:27 | INFO     | EXECUTION_SERVICE    | 🚀 STARTING EXECUTION SERVICE (PRODUCTION — FREEZE-READY)
2026-02-10 05:22:27 | INFO     | EXECUTION_SERVICE    | ======================================================================
2026-02-10 05:22:27 | INFO     | EXECUTION_SERVICE    | PID: 2997602
2026-02-10 05:22:27 | INFO     | EXECUTION_SERVICE    | Python: 3.9.25 (main, Nov 12 2025, 00:00:00) 
[GCC 11.5.0 20240719 (Red Hat 11.5.0-5)]
2026-02-10 05:22:27 | INFO     | EXECUTION_SERVICE    | CWD: /home/ec2-user/shoonya_platform
2026-02-10 05:22:27 | INFO     | EXECUTION_SERVICE    | 📋 Log files (rotating, 50MB max, 10 backups):
2026-02-10 05:22:27 | INFO     | EXECUTION_SERVICE    |    - execution_service.log (main service)
2026-02-10 05:22:27 | INFO     | EXECUTION_SERVICE    |    - trading_bot.log (bot logic)
2026-02-10 05:22:27 | INFO     | EXECUTION_SERVICE    |    - command_service.log (command execution)
2026-02-10 05:22:27 | INFO     | EXECUTION_SERVICE    |    - order_watcher.log (order tracking)
2026-02-10 05:22:27 | INFO     | EXECUTION_SERVICE    |    - risk_manager.log (risk management)
2026-02-10 05:22:27 | INFO     | EXECUTION_SERVICE    |    - execution_guard.log (trade guard)
2026-02-10 05:22:27 | INFO     | EXECUTION_SERVICE    |    - dashboard.log (dashboard API)
2026-02-10 05:22:27 | INFO     | EXECUTION_SERVICE    | Loading configuration...
2026-02-10 05:22:27 | INFO     | EXECUTION_SERVICE    | Initializing ShoonyaBot (SINGLE INSTANCE)
2026-02-10 05:22:43 | CRITICAL | EXECUTION_SERVICE    | FATAL ERROR: Live feed startup failed
Traceback (most recent call last):
  File "/home/ec2-user/shoonya_platform/main.py", line 239, in main
    bot_instance = ShoonyaBot(config)
  File "/home/ec2-user/shoonya_platform/shoonya_platform/execution/trading_bot.py", line 275, in __init__
    raise RuntimeError("Live feed startup failed")
RuntimeError: Live feed startup failed
2026-02-10 05:22:43 | INFO     | EXECUTION_SERVICE    | 🏁 Execution service stopped
2026-02-10 05:22:58 | INFO     | EXECUTION_SERVICE    | ======================================================================
2026-02-10 05:22:58 | INFO     | EXECUTION_SERVICE    | 🚀 STARTING EXECUTION SERVICE (PRODUCTION — FREEZE-READY)
2026-02-10 05:22:58 | INFO     | EXECUTION_SERVICE    | ======================================================================
2026-02-10 05:22:58 | INFO     | EXECUTION_SERVICE    | PID: 2997614
2026-02-10 05:22:58 | INFO     | EXECUTION_SERVICE    | Python: 3.9.25 (main, Nov 12 2025, 00:00:00) 
[GCC 11.5.0 20240719 (Red Hat 11.5.0-5)]
2026-02-10 05:22:58 | INFO     | EXECUTION_SERVICE    | CWD: /home/ec2-user/shoonya_platform
2026-02-10 05:22:58 | INFO     | EXECUTION_SERVICE    | 📋 Log files (rotating, 50MB max, 10 backups):
2026-02-10 05:22:58 | INFO     | EXECUTION_SERVICE    |    - execution_service.log (main service)
2026-02-10 05:22:58 | INFO     | EXECUTION_SERVICE    |    - trading_bot.log (bot logic)
2026-02-10 05:22:58 | INFO     | EXECUTION_SERVICE    |    - command_service.log (command execution)
2026-02-10 05:22:58 | INFO     | EXECUTION_SERVICE    |    - order_watcher.log (order tracking)
2026-02-10 05:22:58 | INFO     | EXECUTION_SERVICE    |    - risk_manager.log (risk management)
2026-02-10 05:22:58 | INFO     | EXECUTION_SERVICE    |    - execution_guard.log (trade guard)
2026-02-10 05:22:58 | INFO     | EXECUTION_SERVICE    |    - dashboard.log (dashboard API)
2026-02-10 05:22:58 | INFO     | EXECUTION_SERVICE    | Loading configuration...
2026-02-10 05:22:58 | INFO     | EXECUTION_SERVICE    | Initializing ShoonyaBot (SINGLE INSTANCE)
2026-02-10 05:23:14 | CRITICAL | EXECUTION_SERVICE    | FATAL ERROR: Live feed startup failed
Traceback (most recent call last):
  File "/home/ec2-user/shoonya_platform/main.py", line 239, in main
    bot_instance = ShoonyaBot(config)
  File "/home/ec2-user/shoonya_platform/shoonya_platform/execution/trading_bot.py", line 275, in __init__
    raise RuntimeError("Live feed startup failed")
RuntimeError: Live feed startup failed
2026-02-10 05:23:14 | INFO     | EXECUTION_SERVICE    | 🏁 Execution service stopped
2026-02-10 05:23:29 | INFO     | EXECUTION_SERVICE    | ======================================================================
2026-02-10 05:23:29 | INFO     | EXECUTION_SERVICE    | 🚀 STARTING EXECUTION SERVICE (PRODUCTION — FREEZE-READY)
2026-02-10 05:23:29 | INFO     | EXECUTION_SERVICE    | ======================================================================
2026-02-10 05:23:29 | INFO     | EXECUTION_SERVICE    | PID: 2997672
2026-02-10 05:23:29 | INFO     | EXECUTION_SERVICE    | Python: 3.9.25 (main, Nov 12 2025, 00:00:00) 
[GCC 11.5.0 20240719 (Red Hat 11.5.0-5)]
2026-02-10 05:23:29 | INFO     | EXECUTION_SERVICE    | CWD: /home/ec2-user/shoonya_platform
2026-02-10 05:23:29 | INFO     | EXECUTION_SERVICE    | 📋 Log files (rotating, 50MB max, 10 backups):
2026-02-10 05:23:29 | INFO     | EXECUTION_SERVICE    |    - execution_service.log (main service)
2026-02-10 05:23:29 | INFO     | EXECUTION_SERVICE    |    - trading_bot.log (bot logic)
2026-02-10 05:23:29 | INFO     | EXECUTION_SERVICE    |    - command_service.log (command execution)
2026-02-10 05:23:29 | INFO     | EXECUTION_SERVICE    |    - order_watcher.log (order tracking)
2026-02-10 05:23:29 | INFO     | EXECUTION_SERVICE    |    - risk_manager.log (risk management)
2026-02-10 05:23:29 | INFO     | EXECUTION_SERVICE    |    - execution_guard.log (trade guard)
2026-02-10 05:23:29 | INFO     | EXECUTION_SERVICE    |    - dashboard.log (dashboard API)
2026-02-10 05:23:29 | INFO     | EXECUTION_SERVICE    | Loading configuration...
2026-02-10 05:23:29 | INFO     | EXECUTION_SERVICE    | Initializing ShoonyaBot (SINGLE INSTANCE)
2026-02-10 05:23:45 | CRITICAL | EXECUTION_SERVICE    | FATAL ERROR: Live feed startup failed
Traceback (most recent call last):
  File "/home/ec2-user/shoonya_platform/main.py", line 239, in main
    bot_instance = ShoonyaBot(config)
  File "/home/ec2-user/shoonya_platform/shoonya_platform/execution/trading_bot.py", line 275, in __init__
    raise RuntimeError("Live feed startup failed")
RuntimeError: Live feed startup failed
2026-02-10 05:23:45 | INFO     | EXECUTION_SERVICE    | 🏁 Execution service stopped
